<?xml version="1.0" encoding="UTF-8"?>
<testng-results ignored="0" total="1" passed="1" failed="0" skipped="0">
  <reporter-output>
  </reporter-output>
  <suite started-at="2025-02-25T09:51:13 IST" name="Default suite" finished-at="2025-02-25T09:51:34 IST" duration-ms="21008">
    <groups>
    </groups>
    <test started-at="2025-02-25T09:51:13 IST" name="Default test" finished-at="2025-02-25T09:51:34 IST" duration-ms="21008">
      <class name="testcases.SelectLocation">
        <test-method is-config="true" signature="init()[pri:0, instance:testcases.SelectLocation@3754a4bf]" started-at="2025-02-25T09:51:13 IST" name="init" finished-at="2025-02-25T09:51:34 IST" duration-ms="20860" status="PASS">
          <reporter-output>
          </reporter-output>
        </test-method> <!-- init -->
        <test-method signature="whereShouldWeDeliver()[pri:0, instance:testcases.SelectLocation@3754a4bf]" started-at="2025-02-25T09:51:34 IST" name="whereShouldWeDeliver" finished-at="2025-02-25T09:51:34 IST" duration-ms="16" status="PASS">
          <reporter-output>
          </reporter-output>
        </test-method> <!-- whereShouldWeDeliver -->
        <test-method is-config="true" signature="tearDown()[pri:0, instance:testcases.SelectLocation@3754a4bf]" started-at="2025-02-25T09:51:34 IST" name="tearDown" finished-at="2025-02-25T09:51:34 IST" duration-ms="35" status="PASS">
          <reporter-output>
          </reporter-output>
        </test-method> <!-- tearDown -->
      </class> <!-- testcases.SelectLocation -->
    </test> <!-- Default test -->
  </suite> <!-- Default suite -->
</testng-results>
